[12-Sep-2023 16:16:13 UTC] PHP Warning:  Cannot modify header information - headers already sent in /bedrock/web/wp/wp-includes/pluggable.php on line 1435
[12-Sep-2023 16:16:13 UTC] PHP Warning:  Cannot modify header information - headers already sent in /bedrock/web/wp/wp-includes/pluggable.php on line 1438
[12-Sep-2023 16:17:09 UTC] PHP Warning:  Cannot modify header information - headers already sent in /bedrock/web/wp/wp-includes/pluggable.php on line 1435
[12-Sep-2023 16:17:09 UTC] PHP Warning:  Cannot modify header information - headers already sent in /bedrock/web/wp/wp-includes/pluggable.php on line 1438
[18-Sep-2023 08:21:37 UTC] PHP Warning:  An unexpected error occurred. Something may be wrong with WordPress.org or this server&#8217;s configuration. If you continue to have problems, please try the <a href="https://wordpress.org/support/forums/">support forums</a>. (WordPress could not establish a secure connection to WordPress.org. Please contact your server administrator.) in /bedrock/web/wp/wp-admin/includes/translation-install.php on line 62
[18-Sep-2023 08:24:52 UTC] PHP Warning:  An unexpected error occurred. Something may be wrong with WordPress.org or this server&#8217;s configuration. If you continue to have problems, please try the <a href="https://wordpress.org/support/forums/">support forums</a>. (WordPress could not establish a secure connection to WordPress.org. Please contact your server administrator.) in /bedrock/web/wp/wp-includes/update.php on line 205
[18-Sep-2023 08:24:58 UTC] PHP Deprecated:  html_entity_decode(): Passing null to parameter #1 ($string) of type string is deprecated in /bedrock/web/wp/wp-includes/widgets.php on line 1626
[18-Sep-2023 08:44:34 UTC] PHP Warning:  require_once(/bedrock/web/app/themes/justice/customize-pro/class-customize.php): Failed to open stream: No such file or directory in /bedrock/web/app/themes/justice/functions.php on line 179
[18-Sep-2023 08:44:34 UTC] PHP Fatal error:  Uncaught Error: Failed opening required '/bedrock/web/app/themes/justice/customize-pro/class-customize.php' (include_path='.:/usr/share/php') in /bedrock/web/app/themes/justice/functions.php:179
Stack trace:
#0 /bedrock/web/wp/wp-settings.php(600): include()
#1 /bedrock/web/wp-config.php(9): require_once('/bedrock/web/wp...')
#2 /bedrock/web/wp/wp-load.php(55): require_once('/bedrock/web/wp...')
#3 /bedrock/web/wp/wp-admin/admin.php(34): require_once('/bedrock/web/wp...')
#4 /bedrock/web/wp/wp-admin/themes.php(10): require_once('/bedrock/web/wp...')
#5 {main}
  thrown in /bedrock/web/app/themes/justice/functions.php on line 179
[18-Sep-2023 08:44:34 UTC] PHP Warning:  require_once(/bedrock/web/app/themes/justice/customize-pro/class-customize.php): Failed to open stream: No such file or directory in /bedrock/web/app/themes/justice/functions.php on line 179
[18-Sep-2023 08:44:34 UTC] PHP Fatal error:  Uncaught Error: Failed opening required '/bedrock/web/app/themes/justice/customize-pro/class-customize.php' (include_path='.:/usr/share/php') in /bedrock/web/app/themes/justice/functions.php:179
Stack trace:
#0 /bedrock/web/wp/wp-settings.php(600): include()
#1 /bedrock/web/wp-config.php(9): require_once('/bedrock/web/wp...')
#2 /bedrock/web/wp/wp-load.php(55): require_once('/bedrock/web/wp...')
#3 /bedrock/web/wp/wp-blog-header.php(13): require_once('/bedrock/web/wp...')
#4 /bedrock/web/index.php(6): require('/bedrock/web/wp...')
#5 {main}
  thrown in /bedrock/web/app/themes/justice/functions.php on line 179
[18-Sep-2023 08:47:37 UTC] PHP Deprecated:  File Theme without header.php is <strong>deprecated</strong> since version 3.0.0 with no alternative available. Please include a header.php template in your theme. in /bedrock/web/wp/wp-includes/functions.php on line 5646
[18-Sep-2023 08:47:37 UTC] PHP Deprecated:  File Theme without sidebar.php is <strong>deprecated</strong> since version 3.0.0 with no alternative available. Please include a sidebar.php template in your theme. in /bedrock/web/wp/wp-includes/functions.php on line 5646
[18-Sep-2023 08:47:37 UTC] PHP Deprecated:  File Theme without footer.php is <strong>deprecated</strong> since version 3.0.0 with no alternative available. Please include a footer.php template in your theme. in /bedrock/web/wp/wp-includes/functions.php on line 5646
[18-Sep-2023 08:47:37 UTC] PHP Deprecated:  File Theme without header.php is <strong>deprecated</strong> since version 3.0.0 with no alternative available. Please include a header.php template in your theme. in /bedrock/web/wp/wp-includes/functions.php on line 5646
[18-Sep-2023 08:47:37 UTC] PHP Deprecated:  File Theme without sidebar.php is <strong>deprecated</strong> since version 3.0.0 with no alternative available. Please include a sidebar.php template in your theme. in /bedrock/web/wp/wp-includes/functions.php on line 5646
[18-Sep-2023 08:47:37 UTC] PHP Deprecated:  File Theme without footer.php is <strong>deprecated</strong> since version 3.0.0 with no alternative available. Please include a footer.php template in your theme. in /bedrock/web/wp/wp-includes/functions.php on line 5646
[18-Sep-2023 08:47:45 UTC] PHP Deprecated:  File Theme without header.php is <strong>deprecated</strong> since version 3.0.0 with no alternative available. Please include a header.php template in your theme. in /bedrock/web/wp/wp-includes/functions.php on line 5646
[18-Sep-2023 08:47:45 UTC] PHP Deprecated:  File Theme without sidebar.php is <strong>deprecated</strong> since version 3.0.0 with no alternative available. Please include a sidebar.php template in your theme. in /bedrock/web/wp/wp-includes/functions.php on line 5646
[18-Sep-2023 08:47:45 UTC] PHP Deprecated:  File Theme without footer.php is <strong>deprecated</strong> since version 3.0.0 with no alternative available. Please include a footer.php template in your theme. in /bedrock/web/wp/wp-includes/functions.php on line 5646
[18-Sep-2023 08:47:45 UTC] PHP Deprecated:  File Theme without header.php is <strong>deprecated</strong> since version 3.0.0 with no alternative available. Please include a header.php template in your theme. in /bedrock/web/wp/wp-includes/functions.php on line 5646
[18-Sep-2023 08:47:45 UTC] PHP Deprecated:  File Theme without sidebar.php is <strong>deprecated</strong> since version 3.0.0 with no alternative available. Please include a sidebar.php template in your theme. in /bedrock/web/wp/wp-includes/functions.php on line 5646
[18-Sep-2023 08:47:45 UTC] PHP Deprecated:  File Theme without footer.php is <strong>deprecated</strong> since version 3.0.0 with no alternative available. Please include a footer.php template in your theme. in /bedrock/web/wp/wp-includes/functions.php on line 5646
[18-Sep-2023 08:55:51 UTC] PHP Deprecated:  File Theme without header.php is <strong>deprecated</strong> since version 3.0.0 with no alternative available. Please include a header.php template in your theme. in /bedrock/web/wp/wp-includes/functions.php on line 5646
[18-Sep-2023 08:55:51 UTC] PHP Deprecated:  File Theme without sidebar.php is <strong>deprecated</strong> since version 3.0.0 with no alternative available. Please include a sidebar.php template in your theme. in /bedrock/web/wp/wp-includes/functions.php on line 5646
[18-Sep-2023 08:55:51 UTC] PHP Deprecated:  File Theme without footer.php is <strong>deprecated</strong> since version 3.0.0 with no alternative available. Please include a footer.php template in your theme. in /bedrock/web/wp/wp-includes/functions.php on line 5646
[18-Sep-2023 08:55:51 UTC] PHP Deprecated:  File Theme without header.php is <strong>deprecated</strong> since version 3.0.0 with no alternative available. Please include a header.php template in your theme. in /bedrock/web/wp/wp-includes/functions.php on line 5646
[18-Sep-2023 08:55:51 UTC] PHP Deprecated:  File Theme without sidebar.php is <strong>deprecated</strong> since version 3.0.0 with no alternative available. Please include a sidebar.php template in your theme. in /bedrock/web/wp/wp-includes/functions.php on line 5646
[18-Sep-2023 08:55:51 UTC] PHP Deprecated:  File Theme without footer.php is <strong>deprecated</strong> since version 3.0.0 with no alternative available. Please include a footer.php template in your theme. in /bedrock/web/wp/wp-includes/functions.php on line 5646
[18-Sep-2023 08:56:26 UTC] PHP Deprecated:  File Theme without header.php is <strong>deprecated</strong> since version 3.0.0 with no alternative available. Please include a header.php template in your theme. in /bedrock/web/wp/wp-includes/functions.php on line 5646
[18-Sep-2023 08:56:26 UTC] PHP Deprecated:  File Theme without sidebar.php is <strong>deprecated</strong> since version 3.0.0 with no alternative available. Please include a sidebar.php template in your theme. in /bedrock/web/wp/wp-includes/functions.php on line 5646
[18-Sep-2023 08:56:26 UTC] PHP Deprecated:  File Theme without footer.php is <strong>deprecated</strong> since version 3.0.0 with no alternative available. Please include a footer.php template in your theme. in /bedrock/web/wp/wp-includes/functions.php on line 5646
[18-Sep-2023 08:56:26 UTC] PHP Deprecated:  File Theme without header.php is <strong>deprecated</strong> since version 3.0.0 with no alternative available. Please include a header.php template in your theme. in /bedrock/web/wp/wp-includes/functions.php on line 5646
[18-Sep-2023 08:56:26 UTC] PHP Deprecated:  File Theme without sidebar.php is <strong>deprecated</strong> since version 3.0.0 with no alternative available. Please include a sidebar.php template in your theme. in /bedrock/web/wp/wp-includes/functions.php on line 5646
[18-Sep-2023 08:56:26 UTC] PHP Deprecated:  File Theme without footer.php is <strong>deprecated</strong> since version 3.0.0 with no alternative available. Please include a footer.php template in your theme. in /bedrock/web/wp/wp-includes/functions.php on line 5646
[18-Sep-2023 08:56:57 UTC] PHP Warning:  Attempt to read property "title" on null in /bedrock/web/wp/wp-includes/class-wp-customize-widgets.php on line 905
[18-Sep-2023 08:56:57 UTC] PHP Deprecated:  File Theme without header.php is <strong>deprecated</strong> since version 3.0.0 with no alternative available. Please include a header.php template in your theme. in /bedrock/web/wp/wp-includes/functions.php on line 5646
[18-Sep-2023 08:56:57 UTC] PHP Deprecated:  File Theme without sidebar.php is <strong>deprecated</strong> since version 3.0.0 with no alternative available. Please include a sidebar.php template in your theme. in /bedrock/web/wp/wp-includes/functions.php on line 5646
[18-Sep-2023 08:56:57 UTC] PHP Deprecated:  File Theme without footer.php is <strong>deprecated</strong> since version 3.0.0 with no alternative available. Please include a footer.php template in your theme. in /bedrock/web/wp/wp-includes/functions.php on line 5646
[18-Sep-2023 08:56:57 UTC] PHP Deprecated:  File Theme without header.php is <strong>deprecated</strong> since version 3.0.0 with no alternative available. Please include a header.php template in your theme. in /bedrock/web/wp/wp-includes/functions.php on line 5646
[18-Sep-2023 08:56:57 UTC] PHP Deprecated:  File Theme without sidebar.php is <strong>deprecated</strong> since version 3.0.0 with no alternative available. Please include a sidebar.php template in your theme. in /bedrock/web/wp/wp-includes/functions.php on line 5646
[18-Sep-2023 08:56:57 UTC] PHP Deprecated:  File Theme without footer.php is <strong>deprecated</strong> since version 3.0.0 with no alternative available. Please include a footer.php template in your theme. in /bedrock/web/wp/wp-includes/functions.php on line 5646
[18-Sep-2023 08:57:20 UTC] PHP Deprecated:  File Theme without header.php is <strong>deprecated</strong> since version 3.0.0 with no alternative available. Please include a header.php template in your theme. in /bedrock/web/wp/wp-includes/functions.php on line 5646
[18-Sep-2023 08:57:20 UTC] PHP Deprecated:  File Theme without sidebar.php is <strong>deprecated</strong> since version 3.0.0 with no alternative available. Please include a sidebar.php template in your theme. in /bedrock/web/wp/wp-includes/functions.php on line 5646
[18-Sep-2023 08:57:20 UTC] PHP Deprecated:  File Theme without footer.php is <strong>deprecated</strong> since version 3.0.0 with no alternative available. Please include a footer.php template in your theme. in /bedrock/web/wp/wp-includes/functions.php on line 5646
[18-Sep-2023 08:57:20 UTC] PHP Deprecated:  File Theme without header.php is <strong>deprecated</strong> since version 3.0.0 with no alternative available. Please include a header.php template in your theme. in /bedrock/web/wp/wp-includes/functions.php on line 5646
[18-Sep-2023 08:57:20 UTC] PHP Deprecated:  File Theme without sidebar.php is <strong>deprecated</strong> since version 3.0.0 with no alternative available. Please include a sidebar.php template in your theme. in /bedrock/web/wp/wp-includes/functions.php on line 5646
[18-Sep-2023 08:57:20 UTC] PHP Deprecated:  File Theme without footer.php is <strong>deprecated</strong> since version 3.0.0 with no alternative available. Please include a footer.php template in your theme. in /bedrock/web/wp/wp-includes/functions.php on line 5646
[18-Sep-2023 10:15:52 UTC] PHP Deprecated:  File Theme without header.php is <strong>deprecated</strong> since version 3.0.0 with no alternative available. Please include a header.php template in your theme. in /bedrock/web/wp/wp-includes/functions.php on line 5646
[18-Sep-2023 10:15:52 UTC] PHP Deprecated:  File Theme without sidebar.php is <strong>deprecated</strong> since version 3.0.0 with no alternative available. Please include a sidebar.php template in your theme. in /bedrock/web/wp/wp-includes/functions.php on line 5646
[18-Sep-2023 10:15:52 UTC] PHP Deprecated:  File Theme without footer.php is <strong>deprecated</strong> since version 3.0.0 with no alternative available. Please include a footer.php template in your theme. in /bedrock/web/wp/wp-includes/functions.php on line 5646
[18-Sep-2023 10:15:53 UTC] PHP Deprecated:  File Theme without header.php is <strong>deprecated</strong> since version 3.0.0 with no alternative available. Please include a header.php template in your theme. in /bedrock/web/wp/wp-includes/functions.php on line 5646
[18-Sep-2023 10:15:53 UTC] PHP Deprecated:  File Theme without sidebar.php is <strong>deprecated</strong> since version 3.0.0 with no alternative available. Please include a sidebar.php template in your theme. in /bedrock/web/wp/wp-includes/functions.php on line 5646
[18-Sep-2023 10:15:53 UTC] PHP Deprecated:  File Theme without footer.php is <strong>deprecated</strong> since version 3.0.0 with no alternative available. Please include a footer.php template in your theme. in /bedrock/web/wp/wp-includes/functions.php on line 5646
[18-Sep-2023 10:16:41 UTC] PHP Deprecated:  File Theme without sidebar.php is <strong>deprecated</strong> since version 3.0.0 with no alternative available. Please include a sidebar.php template in your theme. in /bedrock/web/wp/wp-includes/functions.php on line 5646
[18-Sep-2023 10:16:42 UTC] PHP Deprecated:  File Theme without sidebar.php is <strong>deprecated</strong> since version 3.0.0 with no alternative available. Please include a sidebar.php template in your theme. in /bedrock/web/wp/wp-includes/functions.php on line 5646
[18-Sep-2023 10:21:18 UTC] PHP Deprecated:  File Theme without sidebar.php is <strong>deprecated</strong> since version 3.0.0 with no alternative available. Please include a sidebar.php template in your theme. in /bedrock/web/wp/wp-includes/functions.php on line 5646
[18-Sep-2023 10:21:18 UTC] PHP Deprecated:  File Theme without sidebar.php is <strong>deprecated</strong> since version 3.0.0 with no alternative available. Please include a sidebar.php template in your theme. in /bedrock/web/wp/wp-includes/functions.php on line 5646
[18-Sep-2023 10:21:24 UTC] PHP Deprecated:  File Theme without sidebar.php is <strong>deprecated</strong> since version 3.0.0 with no alternative available. Please include a sidebar.php template in your theme. in /bedrock/web/wp/wp-includes/functions.php on line 5646
[18-Sep-2023 10:21:24 UTC] PHP Deprecated:  File Theme without sidebar.php is <strong>deprecated</strong> since version 3.0.0 with no alternative available. Please include a sidebar.php template in your theme. in /bedrock/web/wp/wp-includes/functions.php on line 5646
[18-Sep-2023 10:23:34 UTC] PHP Deprecated:  File Theme without sidebar.php is <strong>deprecated</strong> since version 3.0.0 with no alternative available. Please include a sidebar.php template in your theme. in /bedrock/web/wp/wp-includes/functions.php on line 5646
[18-Sep-2023 10:23:34 UTC] PHP Deprecated:  File Theme without sidebar.php is <strong>deprecated</strong> since version 3.0.0 with no alternative available. Please include a sidebar.php template in your theme. in /bedrock/web/wp/wp-includes/functions.php on line 5646
[18-Sep-2023 10:24:54 UTC] PHP Deprecated:  File Theme without sidebar.php is <strong>deprecated</strong> since version 3.0.0 with no alternative available. Please include a sidebar.php template in your theme. in /bedrock/web/wp/wp-includes/functions.php on line 5646
[18-Sep-2023 10:24:58 UTC] PHP Deprecated:  File Theme without sidebar.php is <strong>deprecated</strong> since version 3.0.0 with no alternative available. Please include a sidebar.php template in your theme. in /bedrock/web/wp/wp-includes/functions.php on line 5646
[18-Sep-2023 10:24:58 UTC] PHP Deprecated:  File Theme without sidebar.php is <strong>deprecated</strong> since version 3.0.0 with no alternative available. Please include a sidebar.php template in your theme. in /bedrock/web/wp/wp-includes/functions.php on line 5646
[18-Sep-2023 10:25:00 UTC] PHP Deprecated:  File Theme without sidebar.php is <strong>deprecated</strong> since version 3.0.0 with no alternative available. Please include a sidebar.php template in your theme. in /bedrock/web/wp/wp-includes/functions.php on line 5646
[18-Sep-2023 10:26:12 UTC] PHP Deprecated:  File Theme without sidebar.php is <strong>deprecated</strong> since version 3.0.0 with no alternative available. Please include a sidebar.php template in your theme. in /bedrock/web/wp/wp-includes/functions.php on line 5646
[18-Sep-2023 10:26:32 UTC] PHP Deprecated:  File Theme without sidebar.php is <strong>deprecated</strong> since version 3.0.0 with no alternative available. Please include a sidebar.php template in your theme. in /bedrock/web/wp/wp-includes/functions.php on line 5646
[18-Sep-2023 12:01:32 UTC] PHP Deprecated:  File Theme without sidebar.php is <strong>deprecated</strong> since version 3.0.0 with no alternative available. Please include a sidebar.php template in your theme. in /bedrock/web/wp/wp-includes/functions.php on line 5646
[18-Sep-2023 12:01:32 UTC] PHP Deprecated:  File Theme without sidebar.php is <strong>deprecated</strong> since version 3.0.0 with no alternative available. Please include a sidebar.php template in your theme. in /bedrock/web/wp/wp-includes/functions.php on line 5646
[18-Sep-2023 12:01:45 UTC] PHP Deprecated:  File Theme without sidebar.php is <strong>deprecated</strong> since version 3.0.0 with no alternative available. Please include a sidebar.php template in your theme. in /bedrock/web/wp/wp-includes/functions.php on line 5646
[18-Sep-2023 12:01:45 UTC] PHP Deprecated:  File Theme without sidebar.php is <strong>deprecated</strong> since version 3.0.0 with no alternative available. Please include a sidebar.php template in your theme. in /bedrock/web/wp/wp-includes/functions.php on line 5646
[18-Sep-2023 12:03:10 UTC] PHP Deprecated:  File Theme without sidebar.php is <strong>deprecated</strong> since version 3.0.0 with no alternative available. Please include a sidebar.php template in your theme. in /bedrock/web/wp/wp-includes/functions.php on line 5646
[18-Sep-2023 12:03:10 UTC] PHP Deprecated:  File Theme without sidebar.php is <strong>deprecated</strong> since version 3.0.0 with no alternative available. Please include a sidebar.php template in your theme. in /bedrock/web/wp/wp-includes/functions.php on line 5646
[18-Sep-2023 12:04:31 UTC] PHP Deprecated:  File Theme without sidebar.php is <strong>deprecated</strong> since version 3.0.0 with no alternative available. Please include a sidebar.php template in your theme. in /bedrock/web/wp/wp-includes/functions.php on line 5646
[18-Sep-2023 12:04:31 UTC] PHP Deprecated:  File Theme without sidebar.php is <strong>deprecated</strong> since version 3.0.0 with no alternative available. Please include a sidebar.php template in your theme. in /bedrock/web/wp/wp-includes/functions.php on line 5646
[18-Sep-2023 14:33:45 UTC] PHP Deprecated:  explode(): Passing null to parameter #2 ($string) of type string is deprecated in /bedrock/web/wp/wp-includes/formatting.php on line 4947
[19-Sep-2023 12:56:00 UTC] PHP Warning:  Attempt to read property "title" on null in /bedrock/web/wp/wp-includes/class-wp-customize-widgets.php on line 905
[19-Sep-2023 12:57:09 UTC] PHP Warning:  Attempt to read property "title" on null in /bedrock/web/wp/wp-includes/class-wp-customize-widgets.php on line 905
[19-Sep-2023 13:16:05 UTC] PHP Deprecated:  strip_tags(): Passing null to parameter #1 ($string) of type string is deprecated in /bedrock/web/wp/wp-admin/admin-header.php on line 36
[19-Sep-2023 13:16:27 UTC] PHP Deprecated:  strip_tags(): Passing null to parameter #1 ($string) of type string is deprecated in /bedrock/web/wp/wp-admin/admin-header.php on line 36
[19-Sep-2023 13:36:19 UTC] PHP Deprecated:  strip_tags(): Passing null to parameter #1 ($string) of type string is deprecated in /bedrock/web/wp/wp-admin/admin-header.php on line 36
[19-Sep-2023 13:39:15 UTC] PHP Warning:  Attempt to read property "title" on null in /bedrock/web/wp/wp-includes/class-wp-customize-widgets.php on line 905
[19-Sep-2023 13:40:02 UTC] PHP Deprecated:  explode(): Passing null to parameter #2 ($string) of type string is deprecated in /bedrock/web/wp/wp-includes/general-template.php on line 1430
[19-Sep-2023 13:40:21 UTC] PHP Deprecated:  explode(): Passing null to parameter #2 ($string) of type string is deprecated in /bedrock/web/wp/wp-includes/general-template.php on line 1430
[19-Sep-2023 13:41:50 UTC] PHP Warning:  Attempt to read property "title" on null in /bedrock/web/wp/wp-includes/class-wp-customize-widgets.php on line 905
[19-Sep-2023 13:46:12 UTC] PHP Deprecated:  strip_tags(): Passing null to parameter #1 ($string) of type string is deprecated in /bedrock/web/wp/wp-admin/admin-header.php on line 36
[19-Sep-2023 13:46:27 UTC] PHP Deprecated:  strip_tags(): Passing null to parameter #1 ($string) of type string is deprecated in /bedrock/web/wp/wp-admin/admin-header.php on line 36
[19-Sep-2023 13:46:41 UTC] PHP Deprecated:  strip_tags(): Passing null to parameter #1 ($string) of type string is deprecated in /bedrock/web/wp/wp-admin/admin-header.php on line 36
[19-Sep-2023 13:47:03 UTC] PHP Deprecated:  strip_tags(): Passing null to parameter #1 ($string) of type string is deprecated in /bedrock/web/wp/wp-admin/admin-header.php on line 36
[19-Sep-2023 13:59:13 UTC] PHP Deprecated:  Creation of dynamic property EPS_Redirects_Plugin::$settings is deprecated in /bedrock/web/app/plugins/eps-301-redirects/plugin.php on line 55
[19-Sep-2023 13:59:13 UTC] PHP Deprecated:  Creation of dynamic property EPS_Redirects_Plugin::$settings is deprecated in /bedrock/web/app/plugins/eps-301-redirects/plugin.php on line 55
[19-Sep-2023 13:59:23 UTC] PHP Deprecated:  Creation of dynamic property EPS_Redirects_Plugin::$settings is deprecated in /bedrock/web/app/plugins/eps-301-redirects/plugin.php on line 55
[19-Sep-2023 13:59:54 UTC] PHP Deprecated:  Creation of dynamic property EPS_Redirects_Plugin::$settings is deprecated in /bedrock/web/app/plugins/eps-301-redirects/plugin.php on line 55
[19-Sep-2023 13:59:54 UTC] PHP Deprecated:  Automatic conversion of false to array is deprecated in /bedrock/web/app/plugins/eps-301-redirects/plugin.php on line 308
[19-Sep-2023 13:59:54 UTC] PHP Deprecated:  preg_replace(): Passing null to parameter #3 ($subject) of type array|string is deprecated in /bedrock/web/wp/wp-includes/kses.php on line 1735
[19-Sep-2023 14:00:18 UTC] PHP Deprecated:  Creation of dynamic property EPS_Redirects_Plugin::$settings is deprecated in /bedrock/web/app/plugins/eps-301-redirects/plugin.php on line 55
[19-Sep-2023 14:00:21 UTC] PHP Deprecated:  Creation of dynamic property EPS_Redirects_Plugin::$settings is deprecated in /bedrock/web/app/plugins/eps-301-redirects/plugin.php on line 55
[19-Sep-2023 14:00:21 UTC] PHP Deprecated:  preg_replace(): Passing null to parameter #3 ($subject) of type array|string is deprecated in /bedrock/web/wp/wp-includes/kses.php on line 1735
[19-Sep-2023 14:00:24 UTC] PHP Deprecated:  Creation of dynamic property EPS_Redirects_Plugin::$settings is deprecated in /bedrock/web/app/plugins/eps-301-redirects/plugin.php on line 55
[19-Sep-2023 14:01:21 UTC] PHP Deprecated:  Creation of dynamic property EPS_Redirects_Plugin::$settings is deprecated in /bedrock/web/app/plugins/eps-301-redirects/plugin.php on line 55
[19-Sep-2023 14:02:21 UTC] PHP Deprecated:  Creation of dynamic property EPS_Redirects_Plugin::$settings is deprecated in /bedrock/web/app/plugins/eps-301-redirects/plugin.php on line 55
[19-Sep-2023 14:02:25 UTC] PHP Deprecated:  Creation of dynamic property EPS_Redirects_Plugin::$settings is deprecated in /bedrock/web/app/plugins/eps-301-redirects/plugin.php on line 55
[19-Sep-2023 14:02:51 UTC] PHP Deprecated:  Creation of dynamic property EPS_Redirects_Plugin::$settings is deprecated in /bedrock/web/app/plugins/eps-301-redirects/plugin.php on line 55
[19-Sep-2023 14:02:53 UTC] PHP Deprecated:  Creation of dynamic property EPS_Redirects_Plugin::$settings is deprecated in /bedrock/web/app/plugins/eps-301-redirects/plugin.php on line 55
[19-Sep-2023 14:02:53 UTC] PHP Deprecated:  preg_replace(): Passing null to parameter #3 ($subject) of type array|string is deprecated in /bedrock/web/wp/wp-includes/kses.php on line 1735
[19-Sep-2023 14:03:53 UTC] PHP Deprecated:  Creation of dynamic property EPS_Redirects_Plugin::$settings is deprecated in /bedrock/web/app/plugins/eps-301-redirects/plugin.php on line 55
[19-Sep-2023 14:04:26 UTC] PHP Deprecated:  Creation of dynamic property EPS_Redirects_Plugin::$settings is deprecated in /bedrock/web/app/plugins/eps-301-redirects/plugin.php on line 55
[19-Sep-2023 14:05:54 UTC] PHP Deprecated:  Creation of dynamic property EPS_Redirects_Plugin::$settings is deprecated in /bedrock/web/app/plugins/eps-301-redirects/plugin.php on line 55
[19-Sep-2023 14:06:27 UTC] PHP Deprecated:  Creation of dynamic property EPS_Redirects_Plugin::$settings is deprecated in /bedrock/web/app/plugins/eps-301-redirects/plugin.php on line 55
[19-Sep-2023 14:43:08 UTC] PHP Warning:  Undefined variable $parent_ID in /bedrock/web/app/themes/justice/sidebar.php on line 5
[19-Sep-2023 15:29:08 UTC] PHP Warning:  Undefined variable $parent_ID in /bedrock/web/app/themes/justice/sidebar.php on line 5
[19-Sep-2023 15:29:20 UTC] PHP Warning:  Undefined variable $parent_ID in /bedrock/web/app/themes/justice/sidebar.php on line 5
[19-Sep-2023 16:50:22 UTC] WordPress database error Column 'ancestor_id' cannot be null for query INSERT INTO `gov_uk_yoast_indexable_hierarchy` (`indexable_id`, `ancestor_id`, `depth`, `blog_id`) VALUES ('3', NULL, '1', '1') made by require('wp-blog-header.php'), require_once('wp-includes/template-loader.php'), include('/themes/justice/page_left-centre-right.php'), get_header, locate_template, load_template, require_once('/themes/justice/header.php'), wp_head, do_action('wp_head'), WP_Hook->do_action, WP_Hook->apply_filters, Yoast\WP\SEO\Integrations\Front_End_Integration->call_wpseo_head, do_action('wpseo_head'), WP_Hook->do_action, WP_Hook->apply_filters, Yoast\WP\SEO\Integrations\Front_End_Integration->present_head, Yoast\WP\SEO\Presenters\Schema_Presenter->present, Yoast\WP\SEO\Presenters\Schema_Presenter->get, Yoast\WP\SEO\Presentations\Abstract_Presentation->__get, Yoast\WP\SEO\Presentations\Indexable_Presentation->generate_schema, Yoast\WP\SEO\Generators\Schema_Generator->generate, Yoast\WP\SEO\Generators\Schema_Generator->generate_graph, Yoast\WP\SEO\Generators\Schema\Breadcrumb->generate, Yoast\WP\SEO\Presentations\Abstract_Presentation->__get, Yoast\WP\SEO\Presentations\Indexable_Presentation->generate_breadcrumbs, Yoast\WP\SEO\Generators\Breadcrumbs_Generator->generate, Yoast\WP\SEO\Repositories\Indexable_Repository->get_ancestors, Yoast\WP\SEO\Repositories\Indexable_Hierarchy_Repository->find_ancestors, Yoast\WP\SEO\Builders\Indexable_Hierarchy_Builder->build, Yoast\WP\SEO\Builders\Indexable_Hierarchy_Builder->save_ancestors, Yoast\WP\SEO\Repositories\Indexable_Hierarchy_Repository->add_ancestor, Yoast\WP\Lib\Model->save, Yoast\WP\Lib\ORM->save, Yoast\WP\Lib\ORM::execute
[19-Sep-2023 16:50:47 UTC] WordPress database error Column 'ancestor_id' cannot be null for query INSERT INTO `gov_uk_yoast_indexable_hierarchy` (`indexable_id`, `ancestor_id`, `depth`, `blog_id`) VALUES ('3', NULL, '1', '1') made by require('wp-blog-header.php'), require_once('wp-includes/template-loader.php'), include('/themes/justice/page_left-centre-right.php'), get_header, locate_template, load_template, require_once('/themes/justice/header.php'), wp_head, do_action('wp_head'), WP_Hook->do_action, WP_Hook->apply_filters, Yoast\WP\SEO\Integrations\Front_End_Integration->call_wpseo_head, do_action('wpseo_head'), WP_Hook->do_action, WP_Hook->apply_filters, Yoast\WP\SEO\Integrations\Front_End_Integration->present_head, Yoast\WP\SEO\Presenters\Schema_Presenter->present, Yoast\WP\SEO\Presenters\Schema_Presenter->get, Yoast\WP\SEO\Presentations\Abstract_Presentation->__get, Yoast\WP\SEO\Presentations\Indexable_Presentation->generate_schema, Yoast\WP\SEO\Generators\Schema_Generator->generate, Yoast\WP\SEO\Generators\Schema_Generator->generate_graph, Yoast\WP\SEO\Generators\Schema\Breadcrumb->generate, Yoast\WP\SEO\Presentations\Abstract_Presentation->__get, Yoast\WP\SEO\Presentations\Indexable_Presentation->generate_breadcrumbs, Yoast\WP\SEO\Generators\Breadcrumbs_Generator->generate, Yoast\WP\SEO\Repositories\Indexable_Repository->get_ancestors, Yoast\WP\SEO\Repositories\Indexable_Hierarchy_Repository->find_ancestors, Yoast\WP\SEO\Builders\Indexable_Hierarchy_Builder->build, Yoast\WP\SEO\Builders\Indexable_Hierarchy_Builder->save_ancestors, Yoast\WP\SEO\Repositories\Indexable_Hierarchy_Repository->add_ancestor, Yoast\WP\Lib\Model->save, Yoast\WP\Lib\ORM->save, Yoast\WP\Lib\ORM::execute
[27-Oct-2023 18:10:57 UTC] PHP Warning:  Attempt to read property "title" on null in /bedrock/web/wp/wp-includes/class-wp-customize-widgets.php on line 905
[27-Oct-2023 18:13:59 UTC] PHP Warning:  Attempt to read property "title" on null in /bedrock/web/wp/wp-includes/class-wp-customize-widgets.php on line 905
[27-Oct-2023 18:14:29 UTC] PHP Warning:  Attempt to read property "title" on null in /bedrock/web/wp/wp-includes/class-wp-customize-widgets.php on line 905
